{"uuid":"cb5df651-fb30-43ed-95ca-2d5f2ddb7a5f","historyId":"8529af15a67a1bbb3ce7b4914fa67772","fullName":"WebAutomationTestCases.DemoAutomation.testUrlNavigation","labels":[{"name":"package","value":"WebAutomationTestCases.DemoAutomation"},{"name":"testClass","value":"WebAutomationTestCases.DemoAutomation"},{"name":"testMethod","value":"testUrlNavigation"},{"name":"parentSuite","value":"All Test Suite"},{"name":"suite","value":"D:/08072023/mavenProjectTest/src/test/java/POJOLearnings/testReqResListUsersExample.java"},{"name":"subSuite","value":"WebAutomationTestCases.DemoAutomation"},{"name":"host","value":"LAPTOP-M1IR33SF"},{"name":"thread","value":"1380@LAPTOP-M1IR33SF.main(1)"},{"name":"framework","value":"testng"},{"name":"language","value":"java"},{"name":"severity","value":"normal"}],"links":[],"name":"testUrlNavigation","status":"skipped","statusDetails":{"known":false,"muted":false,"flaky":false,"message":"There was an error creating WebDriver object for Chrome","trace":"io.github.bonigarcia.wdm.config.WebDriverManagerException: There was an error creating WebDriver object for Chrome\r\n\tat io.github.bonigarcia.wdm.WebDriverManager.instantiateDriver(WebDriverManager.java:1756)\r\n\tat io.github.bonigarcia.wdm.WebDriverManager.create(WebDriverManager.java:426)\r\n\tat UtilsInformation.DriverClass.setupChrome(DriverClass.java:13)\r\n\tat java.base/jdk.internal.reflect.DirectMethodHandleAccessor.invoke(DirectMethodHandleAccessor.java:104)\r\n\tat java.base/java.lang.reflect.Method.invoke(Method.java:578)\r\n\tat org.testng.internal.invokers.MethodInvocationHelper.invokeMethod(MethodInvocationHelper.java:139)\r\n\tat org.testng.internal.invokers.MethodInvocationHelper.invokeMethodConsideringTimeout(MethodInvocationHelper.java:69)\r\n\tat org.testng.internal.invokers.ConfigInvoker.invokeConfigurationMethod(ConfigInvoker.java:390)\r\n\tat org.testng.internal.invokers.ConfigInvoker.invokeConfigurations(ConfigInvoker.java:325)\r\n\tat org.testng.SuiteRunner.privateRun(SuiteRunner.java:382)\r\n\tat org.testng.SuiteRunner.run(SuiteRunner.java:336)\r\n\tat org.testng.SuiteRunnerWorker.runSuite(SuiteRunnerWorker.java:52)\r\n\tat org.testng.SuiteRunnerWorker.run(SuiteRunnerWorker.java:95)\r\n\tat org.testng.TestNG.runSuitesSequentially(TestNG.java:1280)\r\n\tat org.testng.TestNG.runSuitesLocally(TestNG.java:1200)\r\n\tat org.testng.TestNG.runSuites(TestNG.java:1114)\r\n\tat org.testng.TestNG.run(TestNG.java:1082)\r\n\tat com.intellij.rt.testng.IDEARemoteTestNG.run(IDEARemoteTestNG.java:65)\r\n\tat com.intellij.rt.testng.RemoteTestNGStarter.main(RemoteTestNGStarter.java:105)\r\nCaused by: java.lang.reflect.InvocationTargetException\r\n\tat java.base/jdk.internal.reflect.DirectConstructorHandleAccessor.newInstance(DirectConstructorHandleAccessor.java:79)\r\n\tat java.base/java.lang.reflect.Constructor.newInstanceWithCaller(Constructor.java:500)\r\n\tat java.base/java.lang.reflect.Constructor.newInstance(Constructor.java:484)\r\n\tat io.github.bonigarcia.wdm.webdriver.WebDriverCreator.createLocalWebDriver(WebDriverCreator.java:64)\r\n\tat io.github.bonigarcia.wdm.WebDriverManager.createLocalWebDriver(WebDriverManager.java:1935)\r\n\tat io.github.bonigarcia.wdm.WebDriverManager.instantiateDriver(WebDriverManager.java:1745)\r\n\t... 18 more\r\nCaused by: org.openqa.selenium.SessionNotCreatedException: Could not start a new session. Response code 500. Message: session not created: This version of ChromeDriver only supports Chrome version 114\nCurrent browser version is 123.0.6312.106 with binary path C:\\Program Files\\Google\\Chrome\\Application\\chrome.exe \nHost info: host: 'LAPTOP-M1IR33SF', ip: '192.168.0.5'\nBuild info: version: '4.11.0', revision: '040bc5406b'\nSystem info: os.name: 'Windows 11', os.arch: 'amd64', os.version: '10.0', java.version: '20.0.2'\nDriver info: org.openqa.selenium.chrome.ChromeDriver\nCommand: [null, newSession {capabilities=[Capabilities {browserName: chrome, goog:chromeOptions: {args: [--remote-allow-origins=*], extensions: []}}]}]\r\n\tat org.openqa.selenium.remote.ProtocolHandshake.createSession(ProtocolHandshake.java:140)\r\n\tat org.openqa.selenium.remote.ProtocolHandshake.createSession(ProtocolHandshake.java:96)\r\n\tat org.openqa.selenium.remote.ProtocolHandshake.createSession(ProtocolHandshake.java:68)\r\n\tat org.openqa.selenium.remote.HttpCommandExecutor.execute(HttpCommandExecutor.java:163)\r\n\tat org.openqa.selenium.remote.service.DriverCommandExecutor.invokeExecute(DriverCommandExecutor.java:196)\r\n\tat org.openqa.selenium.remote.service.DriverCommandExecutor.execute(DriverCommandExecutor.java:171)\r\n\tat org.openqa.selenium.remote.RemoteWebDriver.execute(RemoteWebDriver.java:518)\r\n\tat org.openqa.selenium.remote.RemoteWebDriver.startSession(RemoteWebDriver.java:232)\r\n\tat org.openqa.selenium.remote.RemoteWebDriver.<init>(RemoteWebDriver.java:159)\r\n\tat org.openqa.selenium.chromium.ChromiumDriver.<init>(ChromiumDriver.java:108)\r\n\tat org.openqa.selenium.chrome.ChromeDriver.<init>(ChromeDriver.java:88)\r\n\tat org.openqa.selenium.chrome.ChromeDriver.<init>(ChromeDriver.java:83)\r\n\tat org.openqa.selenium.chrome.ChromeDriver.<init>(ChromeDriver.java:51)\r\n\tat java.base/jdk.internal.reflect.DirectConstructorHandleAccessor.newInstance(DirectConstructorHandleAccessor.java:67)\r\n\t... 23 more\r\n"},"stage":"finished","description":"Navigation to Flipkart Page","steps":[],"attachments":[],"parameters":[],"start":1712813262525,"stop":1712813262528}